#-----------------------------------------------------------
# Vivado v2020.2 (64-bit)
# SW Build 3064766 on Wed Nov 18 09:12:47 MST 2020
# IP Build 3064653 on Wed Nov 18 14:17:31 MST 2020
# Start of session at: Fri Dec 24 19:19:52 2021
# Process ID: 1748600
# Current directory: /home/egoncu/Desktop/github/signedComparator/vivado
# Command line: vivado comparator.xpr
# Log file: /home/egoncu/Desktop/github/signedComparator/vivado/vivado.log
# Journal file: /home/egoncu/Desktop/github/signedComparator/vivado/vivado.jou
#-----------------------------------------------------------
start_gui
open_project comparator.xpr
WARNING: [filemgmt 56-3] Default IP Output Path : Could not find the directory '/home/egoncu/Desktop/github/signedComparator/vivado/comparator.gen/sources_1'.
Scanning sources...
Finished scanning sources
INFO: [IP_Flow 19-234] Refreshing IP repositories
INFO: [IP_Flow 19-1704] No user IP repositories specified
INFO: [IP_Flow 19-2313] Loaded Vivado IP repository '/tools/Xilinx/Vivado/2020.2/data/ip'.
INFO: [IP_Flow 19-3899] Cannot get the environment domain name variable for the component vendor name. Setting the vendor name to 'user.org'.
update_compile_order -fileset sources_1
launch_simulation
Command: launch_simulation 
INFO: [Vivado 12-5682] Launching behavioral simulation in '/home/egoncu/Desktop/github/signedComparator/vivado/comparator.sim/sim_1/behav/xsim'
INFO: [SIM-utils-51] Simulation object is 'sim_1'
INFO: [SIM-utils-54] Inspecting design source files for 'tb_comparator' in fileset 'sim_1'...
INFO: [USF-XSim-97] Finding global include files...
INFO: [USF-XSim-98] Fetching design files from 'sim_1'...
INFO: [USF-XSim-2] XSim::Compile design
INFO: [USF-XSim-61] Executing 'COMPILE and ANALYZE' step in '/home/egoncu/Desktop/github/signedComparator/vivado/comparator.sim/sim_1/behav/xsim'
xvhdl --incr --relax -prj tb_comparator_vhdl.prj
Waiting for jobs to finish...
No pending jobs, compilation finished.
INFO: [USF-XSim-69] 'compile' step finished in '2' seconds
INFO: [USF-XSim-3] XSim::Elaborate design
INFO: [USF-XSim-61] Executing 'ELABORATE' step in '/home/egoncu/Desktop/github/signedComparator/vivado/comparator.sim/sim_1/behav/xsim'
xelab -wto 84e988b0217048268e1a0588a48078c7 --incr --debug typical --relax --mt 8 -L xil_defaultlib -L secureip --snapshot tb_comparator_behav xil_defaultlib.tb_comparator -log elaborate.log
Vivado Simulator 2020.2
Copyright 1986-1999, 2001-2020 Xilinx, Inc. All Rights Reserved.
Running: /tools/Xilinx/Vivado/2020.2/bin/unwrapped/lnx64.o/xelab -wto 84e988b0217048268e1a0588a48078c7 --incr --debug typical --relax --mt 8 -L xil_defaultlib -L secureip --snapshot tb_comparator_behav xil_defaultlib.tb_comparator -log elaborate.log 
Using 8 slave threads.
Starting static elaboration
WARNING: [VRFC 10-4940] 'twos_complement' remains a black box since it has no binding entity [/home/egoncu/Desktop/github/signedComparator/rtl/stage2_comp.vhd:96]
WARNING: [VRFC 10-4940] 'twos_complement' remains a black box since it has no binding entity [/home/egoncu/Desktop/github/signedComparator/rtl/stage2_comp.vhd:102]
Completed static elaboration
INFO: [XSIM 43-4323] No Change in HDL. Linking previously generated obj files to create kernel
INFO: [USF-XSim-69] 'elaborate' step finished in '1' seconds
INFO: [USF-XSim-4] XSim::Simulate design
INFO: [USF-XSim-61] Executing 'SIMULATE' step in '/home/egoncu/Desktop/github/signedComparator/vivado/comparator.sim/sim_1/behav/xsim'
INFO: [USF-XSim-98] *** Running xsim
   with args "tb_comparator_behav -key {Behavioral:sim_1:Functional:tb_comparator} -tclbatch {tb_comparator.tcl} -view {/home/egoncu/Desktop/github/signedComparator/vivado/tb_comparator_behav.wcfg} -log {simulate.log}"
INFO: [USF-XSim-8] Loading simulator feature
Vivado Simulator 2020.2
Time resolution is 1 ps
open_wave_config /home/egoncu/Desktop/github/signedComparator/vivado/tb_comparator_behav.wcfg
WARNING: Simulation object /tb_comparator/uut/sub_out was not found in the design.
source tb_comparator.tcl
# set curr_wave [current_wave_config]
# if { [string length $curr_wave] == 0 } {
#   if { [llength [get_objects]] > 0} {
#     add_wave /
#     set_property needs_save false [current_wave_config]
#   } else {
#      send_msg_id Add_Wave-1 WARNING "No top level signals found. Simulator will start without a wave window. If you want to open a wave window go to 'File->New Waveform Configuration' or type 'create_wave_config' in the TCL console."
#   }
# }
# run 1000ns
INFO: [USF-XSim-96] XSim completed. Design snapshot 'tb_comparator_behav' loaded.
INFO: [USF-XSim-97] XSim simulation ran for 1000ns
launch_simulation: Time (s): cpu = 00:00:09 ; elapsed = 00:00:05 . Memory (MB): peak = 7604.867 ; gain = 177.855 ; free physical = 604 ; free virtual = 16753
run 3 us
restart
INFO: [Simtcl 6-17] Simulation restarted
restart
INFO: [Simtcl 6-17] Simulation restarted
restart
INFO: [Simtcl 6-17] Simulation restarted
run 3 us
restart
INFO: [Simtcl 6-17] Simulation restarted
run 3 us
add_files -norecurse /home/egoncu/Desktop/github/signedComparator/rtl/2_complement.vhd
update_compile_order -fileset sources_1
relaunch_sim
Command: launch_simulation -simset sim_1 -mode behavioral
INFO: [Vivado 12-5682] Launching behavioral simulation in '/home/egoncu/Desktop/github/signedComparator/vivado/comparator.sim/sim_1/behav/xsim'
INFO: [SIM-utils-51] Simulation object is 'sim_1'
INFO: [SIM-utils-54] Inspecting design source files for 'tb_comparator' in fileset 'sim_1'...
INFO: [USF-XSim-97] Finding global include files...
INFO: [USF-XSim-98] Fetching design files from 'sim_1'...
INFO: [USF-XSim-2] XSim::Compile design
INFO: [USF-XSim-61] Executing 'COMPILE and ANALYZE' step in '/home/egoncu/Desktop/github/signedComparator/vivado/comparator.sim/sim_1/behav/xsim'
xvhdl --incr --relax -prj tb_comparator_vhdl.prj
INFO: [VRFC 10-163] Analyzing VHDL file "/home/egoncu/Desktop/github/signedComparator/rtl/2_complement.vhd" into library xil_defaultlib
INFO: [VRFC 10-3107] analyzing entity 'twos_complement'
ERROR: [VRFC 10-2989] 'carry_look_ahead' is not declared [/home/egoncu/Desktop/github/signedComparator/rtl/2_complement.vhd:22]
ERROR: [VRFC 10-3782] unit 'arch' ignored due to previous errors [/home/egoncu/Desktop/github/signedComparator/rtl/2_complement.vhd:14]
INFO: [VRFC 10-3070] VHDL file '/home/egoncu/Desktop/github/signedComparator/rtl/2_complement.vhd' ignored due to errors
INFO: [USF-XSim-69] 'compile' step finished in '1' seconds
INFO: [USF-XSim-99] Step results log file:'/home/egoncu/Desktop/github/signedComparator/vivado/comparator.sim/sim_1/behav/xsim/xvhdl.log'
ERROR: [USF-XSim-62] 'compile' step failed with error(s). Please check the Tcl console output or '/home/egoncu/Desktop/github/signedComparator/vivado/comparator.sim/sim_1/behav/xsim/xvhdl.log' file for more information.
ERROR: [Vivado 12-4473] Detected error while running simulation. Please correct the issue and retry this operation.
ERROR: [Common 17-39] 'launch_simulation' failed due to earlier errors.
ERROR: [Common 17-69] Command failed: ERROR: [Common 17-39] 'launch_simulation' failed due to earlier errors.

update_compile_order -fileset sources_1
relaunch_sim
Command: launch_simulation -simset sim_1 -mode behavioral
INFO: [Vivado 12-5682] Launching behavioral simulation in '/home/egoncu/Desktop/github/signedComparator/vivado/comparator.sim/sim_1/behav/xsim'
INFO: [SIM-utils-51] Simulation object is 'sim_1'
INFO: [SIM-utils-54] Inspecting design source files for 'tb_comparator' in fileset 'sim_1'...
INFO: [USF-XSim-97] Finding global include files...
INFO: [USF-XSim-98] Fetching design files from 'sim_1'...
INFO: [USF-XSim-2] XSim::Compile design
INFO: [USF-XSim-61] Executing 'COMPILE and ANALYZE' step in '/home/egoncu/Desktop/github/signedComparator/vivado/comparator.sim/sim_1/behav/xsim'
xvhdl --incr --relax -prj tb_comparator_vhdl.prj
INFO: [VRFC 10-163] Analyzing VHDL file "/home/egoncu/Desktop/github/signedComparator/rtl/2_complement.vhd" into library xil_defaultlib
INFO: [VRFC 10-3107] analyzing entity 'twos_complement'
Waiting for jobs to finish...
No pending jobs, compilation finished.
INFO: [USF-XSim-69] 'compile' step finished in '1' seconds
Command: launch_simulation -simset sim_1 -mode behavioral
INFO: [Vivado 12-5682] Launching behavioral simulation in '/home/egoncu/Desktop/github/signedComparator/vivado/comparator.sim/sim_1/behav/xsim'
INFO: [USF-XSim-3] XSim::Elaborate design
INFO: [USF-XSim-61] Executing 'ELABORATE' step in '/home/egoncu/Desktop/github/signedComparator/vivado/comparator.sim/sim_1/behav/xsim'
xelab -wto 84e988b0217048268e1a0588a48078c7 --incr --debug typical --relax --mt 8 -L xil_defaultlib -L secureip --snapshot tb_comparator_behav xil_defaultlib.tb_comparator -log elaborate.log
Vivado Simulator 2020.2
Copyright 1986-1999, 2001-2020 Xilinx, Inc. All Rights Reserved.
Running: /tools/Xilinx/Vivado/2020.2/bin/unwrapped/lnx64.o/xelab -wto 84e988b0217048268e1a0588a48078c7 --incr --debug typical --relax --mt 8 -L xil_defaultlib -L secureip --snapshot tb_comparator_behav xil_defaultlib.tb_comparator -log elaborate.log 
Using 8 slave threads.
Starting static elaboration
Completed static elaboration
Starting simulation data flow analysis
Completed simulation data flow analysis
Time Resolution for simulation is 1ps
Compiling package std.standard
Compiling package std.textio
Compiling package ieee.std_logic_1164
Compiling package ieee.numeric_std
Compiling package ieee.std_logic_arith
Compiling package ieee.std_logic_unsigned
Compiling package xil_defaultlib.gate_package
Compiling architecture arch of entity xil_defaultlib.xnor_gate [xnor_gate_default]
Compiling architecture arch of entity xil_defaultlib.and_gate [and_gate_default]
Compiling architecture arch of entity xil_defaultlib.inverter [inverter_default]
Compiling architecture arch of entity xil_defaultlib.or_gate [or_gate_default]
Compiling architecture arch of entity xil_defaultlib.magnitude_comparator_4bit [magnitude_comparator_4bit_defaul...]
Compiling architecture arch of entity xil_defaultlib.xor_gate [xor_gate_default]
Compiling architecture arch of entity xil_defaultlib.partial_full_adder [partial_full_adder_default]
Compiling architecture arch of entity xil_defaultlib.and_generic [\and_generic(width=3)\]
Compiling architecture arch of entity xil_defaultlib.or_generic [\or_generic(width=3)\]
Compiling architecture arch of entity xil_defaultlib.and_generic [and_generic_default]
Compiling architecture arch of entity xil_defaultlib.or_generic [or_generic_default]
Compiling architecture arch of entity xil_defaultlib.and_generic [\and_generic(width=5)\]
Compiling architecture arch of entity xil_defaultlib.or_generic [\or_generic(width=5)\]
Compiling architecture arch of entity xil_defaultlib.and_generic [\and_generic(width=6)\]
Compiling architecture arch of entity xil_defaultlib.or_generic [\or_generic(width=6)\]
Compiling architecture arch of entity xil_defaultlib.and_generic [\and_generic(width=7)\]
Compiling architecture arch of entity xil_defaultlib.or_generic [\or_generic(width=7)\]
Compiling architecture arch of entity xil_defaultlib.and_generic [\and_generic(width=8)\]
Compiling architecture arch of entity xil_defaultlib.or_generic [\or_generic(width=8)\]
Compiling architecture arch of entity xil_defaultlib.carry_look_ahead [carry_look_ahead_default]
Compiling architecture arch of entity xil_defaultlib.twos_complement [twos_complement_default]
Compiling architecture arch of entity xil_defaultlib.nor_gate [nor_gate_default]
Compiling architecture arch of entity xil_defaultlib.stage_2_comp [stage_2_comp_default]
Compiling architecture behavior of entity xil_defaultlib.tb_comparator
Built simulation snapshot tb_comparator_behav
INFO: [USF-XSim-69] 'elaborate' step finished in '1' seconds
Vivado Simulator 2020.2
Time resolution is 1 ps
run 3 us
add_bp {/home/egoncu/Desktop/github/signedComparator/tb/tb_comparator.vhd} 53
remove_bps -file {/home/egoncu/Desktop/github/signedComparator/tb/tb_comparator.vhd} -line 53
add_bp {/home/egoncu/Desktop/github/signedComparator/tb/tb_comparator.vhd} 58
remove_bps -file {/home/egoncu/Desktop/github/signedComparator/tb/tb_comparator.vhd} -line 58
relaunch_sim
Command: launch_simulation -simset sim_1 -mode behavioral
INFO: [Vivado 12-5682] Launching behavioral simulation in '/home/egoncu/Desktop/github/signedComparator/vivado/comparator.sim/sim_1/behav/xsim'
INFO: [SIM-utils-51] Simulation object is 'sim_1'
INFO: [SIM-utils-54] Inspecting design source files for 'tb_comparator' in fileset 'sim_1'...
INFO: [USF-XSim-97] Finding global include files...
INFO: [USF-XSim-98] Fetching design files from 'sim_1'...
INFO: [USF-XSim-2] XSim::Compile design
INFO: [USF-XSim-61] Executing 'COMPILE and ANALYZE' step in '/home/egoncu/Desktop/github/signedComparator/vivado/comparator.sim/sim_1/behav/xsim'
xvhdl --incr --relax -prj tb_comparator_vhdl.prj
INFO: [VRFC 10-163] Analyzing VHDL file "/home/egoncu/Desktop/github/signedComparator/tb/tb_comparator.vhd" into library xil_defaultlib
INFO: [VRFC 10-3107] analyzing entity 'tb_comparator'
Waiting for jobs to finish...
No pending jobs, compilation finished.
INFO: [USF-XSim-69] 'compile' step finished in '1' seconds
Command: launch_simulation -simset sim_1 -mode behavioral
INFO: [Vivado 12-5682] Launching behavioral simulation in '/home/egoncu/Desktop/github/signedComparator/vivado/comparator.sim/sim_1/behav/xsim'
INFO: [USF-XSim-3] XSim::Elaborate design
INFO: [USF-XSim-61] Executing 'ELABORATE' step in '/home/egoncu/Desktop/github/signedComparator/vivado/comparator.sim/sim_1/behav/xsim'
xelab -wto 84e988b0217048268e1a0588a48078c7 --incr --debug typical --relax --mt 8 -L xil_defaultlib -L secureip --snapshot tb_comparator_behav xil_defaultlib.tb_comparator -log elaborate.log
Vivado Simulator 2020.2
Copyright 1986-1999, 2001-2020 Xilinx, Inc. All Rights Reserved.
Running: /tools/Xilinx/Vivado/2020.2/bin/unwrapped/lnx64.o/xelab -wto 84e988b0217048268e1a0588a48078c7 --incr --debug typical --relax --mt 8 -L xil_defaultlib -L secureip --snapshot tb_comparator_behav xil_defaultlib.tb_comparator -log elaborate.log 
Using 8 slave threads.
Starting static elaboration
Completed static elaboration
Starting simulation data flow analysis
Completed simulation data flow analysis
Time Resolution for simulation is 1ps
Compiling package std.standard
Compiling package std.textio
Compiling package ieee.std_logic_1164
Compiling package ieee.numeric_std
Compiling package ieee.std_logic_arith
Compiling package ieee.std_logic_unsigned
Compiling package xil_defaultlib.gate_package
Compiling architecture arch of entity xil_defaultlib.xnor_gate [xnor_gate_default]
Compiling architecture arch of entity xil_defaultlib.and_gate [and_gate_default]
Compiling architecture arch of entity xil_defaultlib.inverter [inverter_default]
Compiling architecture arch of entity xil_defaultlib.or_gate [or_gate_default]
Compiling architecture arch of entity xil_defaultlib.magnitude_comparator_4bit [magnitude_comparator_4bit_defaul...]
Compiling architecture arch of entity xil_defaultlib.xor_gate [xor_gate_default]
Compiling architecture arch of entity xil_defaultlib.partial_full_adder [partial_full_adder_default]
Compiling architecture arch of entity xil_defaultlib.and_generic [\and_generic(width=3)\]
Compiling architecture arch of entity xil_defaultlib.or_generic [\or_generic(width=3)\]
Compiling architecture arch of entity xil_defaultlib.and_generic [and_generic_default]
Compiling architecture arch of entity xil_defaultlib.or_generic [or_generic_default]
Compiling architecture arch of entity xil_defaultlib.and_generic [\and_generic(width=5)\]
Compiling architecture arch of entity xil_defaultlib.or_generic [\or_generic(width=5)\]
Compiling architecture arch of entity xil_defaultlib.and_generic [\and_generic(width=6)\]
Compiling architecture arch of entity xil_defaultlib.or_generic [\or_generic(width=6)\]
Compiling architecture arch of entity xil_defaultlib.and_generic [\and_generic(width=7)\]
Compiling architecture arch of entity xil_defaultlib.or_generic [\or_generic(width=7)\]
Compiling architecture arch of entity xil_defaultlib.and_generic [\and_generic(width=8)\]
Compiling architecture arch of entity xil_defaultlib.or_generic [\or_generic(width=8)\]
Compiling architecture arch of entity xil_defaultlib.carry_look_ahead [carry_look_ahead_default]
Compiling architecture arch of entity xil_defaultlib.twos_complement [twos_complement_default]
Compiling architecture arch of entity xil_defaultlib.nor_gate [nor_gate_default]
Compiling architecture arch of entity xil_defaultlib.stage_2_comp [stage_2_comp_default]
Compiling architecture behavior of entity xil_defaultlib.tb_comparator
Built simulation snapshot tb_comparator_behav
INFO: [USF-XSim-69] 'elaborate' step finished in '2' seconds
Vivado Simulator 2020.2
Time resolution is 1 ps
relaunch_sim: Time (s): cpu = 00:00:04 ; elapsed = 00:00:05 . Memory (MB): peak = 7694.875 ; gain = 8.996 ; free physical = 549 ; free virtual = 16682
run 3 us
